E, [2017-12-11T15:06:18.430614 #12839] ERROR -- Kitchen: ------Exception-------
E, [2017-12-11T15:06:18.430687 #12839] ERROR -- Kitchen: Class: Kitchen::UserError
E, [2017-12-11T15:06:18.430704 #12839] ERROR -- Kitchen: Message: Kitchen YAML file /home/admin-/azar/smed/keys/chef-repo/cookbooks/infra-as-code/cookbooks/ror-app-staging/recipes/.kitchen.yml does not exist.
E, [2017-12-11T15:06:18.430716 #12839] ERROR -- Kitchen: ----------------------
E, [2017-12-11T15:06:18.430726 #12839] ERROR -- Kitchen: ------Backtrace-------
E, [2017-12-11T15:06:18.430735 #12839] ERROR -- Kitchen: /opt/chefdk/embedded/lib/ruby/gems/2.4.0/gems/test-kitchen-1.17.0/lib/kitchen/loader/yaml.rb:71:in `read'
E, [2017-12-11T15:06:18.430746 #12839] ERROR -- Kitchen: /opt/chefdk/embedded/lib/ruby/gems/2.4.0/gems/test-kitchen-1.17.0/lib/kitchen/config.rb:147:in `data'
E, [2017-12-11T15:06:18.430756 #12839] ERROR -- Kitchen: /opt/chefdk/embedded/lib/ruby/gems/2.4.0/gems/test-kitchen-1.17.0/lib/kitchen/config.rb:126:in `suites'
E, [2017-12-11T15:06:18.430766 #12839] ERROR -- Kitchen: /opt/chefdk/embedded/lib/ruby/gems/2.4.0/gems/test-kitchen-1.17.0/lib/kitchen/config.rb:177:in `filter_instances'
E, [2017-12-11T15:06:18.430776 #12839] ERROR -- Kitchen: /opt/chefdk/embedded/lib/ruby/gems/2.4.0/gems/test-kitchen-1.17.0/lib/kitchen/config.rb:136:in `build_instances'
E, [2017-12-11T15:06:18.430786 #12839] ERROR -- Kitchen: /opt/chefdk/embedded/lib/ruby/gems/2.4.0/gems/test-kitchen-1.17.0/lib/kitchen/config.rb:112:in `instances'
E, [2017-12-11T15:06:18.430795 #12839] ERROR -- Kitchen: /opt/chefdk/embedded/lib/ruby/gems/2.4.0/gems/test-kitchen-1.17.0/lib/kitchen/command.rb:112:in `filtered_instances'
E, [2017-12-11T15:06:18.430805 #12839] ERROR -- Kitchen: /opt/chefdk/embedded/lib/ruby/gems/2.4.0/gems/test-kitchen-1.17.0/lib/kitchen/command.rb:142:in `parse_subcommand'
E, [2017-12-11T15:06:18.430818 #12839] ERROR -- Kitchen: /opt/chefdk/embedded/lib/ruby/gems/2.4.0/gems/test-kitchen-1.17.0/lib/kitchen/command/list.rb:30:in `call'
E, [2017-12-11T15:06:18.430828 #12839] ERROR -- Kitchen: /opt/chefdk/embedded/lib/ruby/gems/2.4.0/gems/test-kitchen-1.17.0/lib/kitchen/cli.rb:53:in `perform'
E, [2017-12-11T15:06:18.430838 #12839] ERROR -- Kitchen: /opt/chefdk/embedded/lib/ruby/gems/2.4.0/gems/test-kitchen-1.17.0/lib/kitchen/cli.rb:121:in `list'
E, [2017-12-11T15:06:18.430848 #12839] ERROR -- Kitchen: /opt/chefdk/embedded/lib/ruby/gems/2.4.0/gems/thor-0.19.1/lib/thor/command.rb:27:in `run'
E, [2017-12-11T15:06:18.430858 #12839] ERROR -- Kitchen: /opt/chefdk/embedded/lib/ruby/gems/2.4.0/gems/thor-0.19.1/lib/thor/invocation.rb:126:in `invoke_command'
E, [2017-12-11T15:06:18.430867 #12839] ERROR -- Kitchen: /opt/chefdk/embedded/lib/ruby/gems/2.4.0/gems/test-kitchen-1.17.0/lib/kitchen/cli.rb:334:in `invoke_task'
E, [2017-12-11T15:06:18.430877 #12839] ERROR -- Kitchen: /opt/chefdk/embedded/lib/ruby/gems/2.4.0/gems/thor-0.19.1/lib/thor.rb:359:in `dispatch'
E, [2017-12-11T15:06:18.430887 #12839] ERROR -- Kitchen: /opt/chefdk/embedded/lib/ruby/gems/2.4.0/gems/thor-0.19.1/lib/thor/base.rb:440:in `start'
E, [2017-12-11T15:06:18.430896 #12839] ERROR -- Kitchen: /opt/chefdk/embedded/lib/ruby/gems/2.4.0/gems/test-kitchen-1.17.0/bin/kitchen:13:in `block in <top (required)>'
E, [2017-12-11T15:06:18.430908 #12839] ERROR -- Kitchen: /opt/chefdk/embedded/lib/ruby/gems/2.4.0/gems/test-kitchen-1.17.0/lib/kitchen/errors.rb:171:in `with_friendly_errors'
E, [2017-12-11T15:06:18.430918 #12839] ERROR -- Kitchen: /opt/chefdk/embedded/lib/ruby/gems/2.4.0/gems/test-kitchen-1.17.0/bin/kitchen:13:in `<top (required)>'
E, [2017-12-11T15:06:18.430928 #12839] ERROR -- Kitchen: /opt/chefdk/bin/kitchen:267:in `load'
E, [2017-12-11T15:06:18.430937 #12839] ERROR -- Kitchen: /opt/chefdk/bin/kitchen:267:in `<main>'
E, [2017-12-11T15:06:18.430946 #12839] ERROR -- Kitchen: ----End Backtrace-----
