E, [2017-11-30T13:52:14.662367 #30697] ERROR -- Kitchen: ------Exception-------
E, [2017-11-30T13:52:14.662435 #30697] ERROR -- Kitchen: Class: Kitchen::UserError
E, [2017-11-30T13:52:14.662457 #30697] ERROR -- Kitchen: Message: Kitchen YAML file /home/admin-/azar/smed/keys/chef-repo/cookbooks/infra-as-code/cookbooks/ror-app/recipes/.kitchen.yml does not exist.
E, [2017-11-30T13:52:14.662472 #30697] ERROR -- Kitchen: ----------------------
E, [2017-11-30T13:52:14.662486 #30697] ERROR -- Kitchen: ------Backtrace-------
E, [2017-11-30T13:52:14.662498 #30697] ERROR -- Kitchen: /opt/chefdk/embedded/lib/ruby/gems/2.4.0/gems/test-kitchen-1.17.0/lib/kitchen/loader/yaml.rb:71:in `read'
E, [2017-11-30T13:52:14.662512 #30697] ERROR -- Kitchen: /opt/chefdk/embedded/lib/ruby/gems/2.4.0/gems/test-kitchen-1.17.0/lib/kitchen/config.rb:147:in `data'
E, [2017-11-30T13:52:14.662526 #30697] ERROR -- Kitchen: /opt/chefdk/embedded/lib/ruby/gems/2.4.0/gems/test-kitchen-1.17.0/lib/kitchen/config.rb:126:in `suites'
E, [2017-11-30T13:52:14.662538 #30697] ERROR -- Kitchen: /opt/chefdk/embedded/lib/ruby/gems/2.4.0/gems/test-kitchen-1.17.0/lib/kitchen/config.rb:177:in `filter_instances'
E, [2017-11-30T13:52:14.662551 #30697] ERROR -- Kitchen: /opt/chefdk/embedded/lib/ruby/gems/2.4.0/gems/test-kitchen-1.17.0/lib/kitchen/config.rb:136:in `build_instances'
E, [2017-11-30T13:52:14.662564 #30697] ERROR -- Kitchen: /opt/chefdk/embedded/lib/ruby/gems/2.4.0/gems/test-kitchen-1.17.0/lib/kitchen/config.rb:112:in `instances'
E, [2017-11-30T13:52:14.662577 #30697] ERROR -- Kitchen: /opt/chefdk/embedded/lib/ruby/gems/2.4.0/gems/test-kitchen-1.17.0/lib/kitchen/command.rb:112:in `filtered_instances'
E, [2017-11-30T13:52:14.662589 #30697] ERROR -- Kitchen: /opt/chefdk/embedded/lib/ruby/gems/2.4.0/gems/test-kitchen-1.17.0/lib/kitchen/command.rb:142:in `parse_subcommand'
E, [2017-11-30T13:52:14.662602 #30697] ERROR -- Kitchen: /opt/chefdk/embedded/lib/ruby/gems/2.4.0/gems/test-kitchen-1.17.0/lib/kitchen/command/list.rb:30:in `call'
E, [2017-11-30T13:52:14.662615 #30697] ERROR -- Kitchen: /opt/chefdk/embedded/lib/ruby/gems/2.4.0/gems/test-kitchen-1.17.0/lib/kitchen/cli.rb:53:in `perform'
E, [2017-11-30T13:52:14.662628 #30697] ERROR -- Kitchen: /opt/chefdk/embedded/lib/ruby/gems/2.4.0/gems/test-kitchen-1.17.0/lib/kitchen/cli.rb:121:in `list'
E, [2017-11-30T13:52:14.662641 #30697] ERROR -- Kitchen: /opt/chefdk/embedded/lib/ruby/gems/2.4.0/gems/thor-0.19.1/lib/thor/command.rb:27:in `run'
E, [2017-11-30T13:52:14.662654 #30697] ERROR -- Kitchen: /opt/chefdk/embedded/lib/ruby/gems/2.4.0/gems/thor-0.19.1/lib/thor/invocation.rb:126:in `invoke_command'
E, [2017-11-30T13:52:14.662667 #30697] ERROR -- Kitchen: /opt/chefdk/embedded/lib/ruby/gems/2.4.0/gems/test-kitchen-1.17.0/lib/kitchen/cli.rb:334:in `invoke_task'
E, [2017-11-30T13:52:14.662681 #30697] ERROR -- Kitchen: /opt/chefdk/embedded/lib/ruby/gems/2.4.0/gems/thor-0.19.1/lib/thor.rb:359:in `dispatch'
E, [2017-11-30T13:52:14.662704 #30697] ERROR -- Kitchen: /opt/chefdk/embedded/lib/ruby/gems/2.4.0/gems/thor-0.19.1/lib/thor/base.rb:440:in `start'
E, [2017-11-30T13:52:14.662718 #30697] ERROR -- Kitchen: /opt/chefdk/embedded/lib/ruby/gems/2.4.0/gems/test-kitchen-1.17.0/bin/kitchen:13:in `block in <top (required)>'
E, [2017-11-30T13:52:14.662731 #30697] ERROR -- Kitchen: /opt/chefdk/embedded/lib/ruby/gems/2.4.0/gems/test-kitchen-1.17.0/lib/kitchen/errors.rb:171:in `with_friendly_errors'
E, [2017-11-30T13:52:14.662744 #30697] ERROR -- Kitchen: /opt/chefdk/embedded/lib/ruby/gems/2.4.0/gems/test-kitchen-1.17.0/bin/kitchen:13:in `<top (required)>'
E, [2017-11-30T13:52:14.662757 #30697] ERROR -- Kitchen: /opt/chefdk/bin/kitchen:267:in `load'
E, [2017-11-30T13:52:14.662770 #30697] ERROR -- Kitchen: /opt/chefdk/bin/kitchen:267:in `<main>'
E, [2017-11-30T13:52:14.662782 #30697] ERROR -- Kitchen: ----End Backtrace-----
