I, [2017-12-12T17:33:16.686288 #81703]  INFO -- Kitchen: -----> Starting Kitchen (v1.16.0)
I, [2017-12-12T17:33:19.276198 #81703]  INFO -- Kitchen: -----> Converging <default-ubuntu-1604>...
E, [2017-12-12T17:38:21.749792 #81703] ERROR -- Kitchen: ------Exception-------
E, [2017-12-12T17:38:21.749830 #81703] ERROR -- Kitchen: Class: Kitchen::ActionFailed
E, [2017-12-12T17:38:21.749851 #81703] ERROR -- Kitchen: Message: 1 actions failed.
>>>>>>     Converge failed on instance <default-ubuntu-1604>.  Please see .kitchen/logs/default-ubuntu-1604.log for more details
E, [2017-12-12T17:38:21.749868 #81703] ERROR -- Kitchen: ----------------------
E, [2017-12-12T17:38:21.749882 #81703] ERROR -- Kitchen: ------Backtrace-------
E, [2017-12-12T17:38:21.749895 #81703] ERROR -- Kitchen: /opt/chefdk/embedded/lib/ruby/gems/2.4.0/gems/test-kitchen-1.16.0/lib/kitchen/command.rb:183:in `report_errors'
E, [2017-12-12T17:38:21.749909 #81703] ERROR -- Kitchen: /opt/chefdk/embedded/lib/ruby/gems/2.4.0/gems/test-kitchen-1.16.0/lib/kitchen/command.rb:174:in `run_action'
E, [2017-12-12T17:38:21.749923 #81703] ERROR -- Kitchen: /opt/chefdk/embedded/lib/ruby/gems/2.4.0/gems/test-kitchen-1.16.0/lib/kitchen/command/action.rb:36:in `block in call'
E, [2017-12-12T17:38:21.749937 #81703] ERROR -- Kitchen: /opt/chefdk/embedded/lib/ruby/2.4.0/benchmark.rb:293:in `measure'
E, [2017-12-12T17:38:21.749950 #81703] ERROR -- Kitchen: /opt/chefdk/embedded/lib/ruby/gems/2.4.0/gems/test-kitchen-1.16.0/lib/kitchen/command/action.rb:34:in `call'
E, [2017-12-12T17:38:21.749964 #81703] ERROR -- Kitchen: /opt/chefdk/embedded/lib/ruby/gems/2.4.0/gems/test-kitchen-1.16.0/lib/kitchen/cli.rb:53:in `perform'
E, [2017-12-12T17:38:21.749977 #81703] ERROR -- Kitchen: /opt/chefdk/embedded/lib/ruby/gems/2.4.0/gems/test-kitchen-1.16.0/lib/kitchen/cli.rb:187:in `block (2 levels) in <class:CLI>'
E, [2017-12-12T17:38:21.749990 #81703] ERROR -- Kitchen: /opt/chefdk/embedded/lib/ruby/gems/2.4.0/gems/thor-0.19.1/lib/thor/command.rb:27:in `run'
E, [2017-12-12T17:38:21.750011 #81703] ERROR -- Kitchen: /opt/chefdk/embedded/lib/ruby/gems/2.4.0/gems/thor-0.19.1/lib/thor/invocation.rb:126:in `invoke_command'
E, [2017-12-12T17:38:21.750024 #81703] ERROR -- Kitchen: /opt/chefdk/embedded/lib/ruby/gems/2.4.0/gems/test-kitchen-1.16.0/lib/kitchen/cli.rb:334:in `invoke_task'
E, [2017-12-12T17:38:21.750038 #81703] ERROR -- Kitchen: /opt/chefdk/embedded/lib/ruby/gems/2.4.0/gems/thor-0.19.1/lib/thor.rb:359:in `dispatch'
E, [2017-12-12T17:38:21.750228 #81703] ERROR -- Kitchen: /opt/chefdk/embedded/lib/ruby/gems/2.4.0/gems/thor-0.19.1/lib/thor/base.rb:440:in `start'
E, [2017-12-12T17:38:21.750270 #81703] ERROR -- Kitchen: /opt/chefdk/embedded/lib/ruby/gems/2.4.0/gems/test-kitchen-1.16.0/bin/kitchen:13:in `block in <top (required)>'
E, [2017-12-12T17:38:21.750300 #81703] ERROR -- Kitchen: /opt/chefdk/embedded/lib/ruby/gems/2.4.0/gems/test-kitchen-1.16.0/lib/kitchen/errors.rb:171:in `with_friendly_errors'
E, [2017-12-12T17:38:21.750328 #81703] ERROR -- Kitchen: /opt/chefdk/embedded/lib/ruby/gems/2.4.0/gems/test-kitchen-1.16.0/bin/kitchen:13:in `<top (required)>'
E, [2017-12-12T17:38:21.750356 #81703] ERROR -- Kitchen: /usr/local/bin/kitchen:263:in `load'
E, [2017-12-12T17:38:21.750393 #81703] ERROR -- Kitchen: /usr/local/bin/kitchen:263:in `<main>'
E, [2017-12-12T17:38:21.750416 #81703] ERROR -- Kitchen: ----End Backtrace-----
E, [2017-12-12T17:38:21.750439 #81703] ERROR -- Kitchen: -Composite Exception--
E, [2017-12-12T17:38:21.750463 #81703] ERROR -- Kitchen: Class: Kitchen::InstanceFailure
E, [2017-12-12T17:38:21.750488 #81703] ERROR -- Kitchen: Message: Converge failed on instance <default-ubuntu-1604>.  Please see .kitchen/logs/default-ubuntu-1604.log for more details
E, [2017-12-12T17:38:21.750514 #81703] ERROR -- Kitchen: ----------------------
E, [2017-12-12T17:38:21.750538 #81703] ERROR -- Kitchen: ------Backtrace-------
E, [2017-12-12T17:38:21.750560 #81703] ERROR -- Kitchen: /opt/chefdk/embedded/lib/ruby/gems/2.4.0/gems/test-kitchen-1.16.0/lib/kitchen/provisioner/base.rb:83:in `rescue in call'
E, [2017-12-12T17:38:21.750596 #81703] ERROR -- Kitchen: /opt/chefdk/embedded/lib/ruby/gems/2.4.0/gems/test-kitchen-1.16.0/lib/kitchen/provisioner/base.rb:86:in `call'
E, [2017-12-12T17:38:21.750623 #81703] ERROR -- Kitchen: /opt/chefdk/embedded/lib/ruby/gems/2.4.0/gems/test-kitchen-1.16.0/lib/kitchen/instance.rb:384:in `block in converge_action'
E, [2017-12-12T17:38:21.750652 #81703] ERROR -- Kitchen: /opt/chefdk/embedded/lib/ruby/gems/2.4.0/gems/test-kitchen-1.16.0/lib/kitchen/instance.rb:527:in `synchronize_or_call'
E, [2017-12-12T17:38:21.750676 #81703] ERROR -- Kitchen: /opt/chefdk/embedded/lib/ruby/gems/2.4.0/gems/test-kitchen-1.16.0/lib/kitchen/instance.rb:489:in `block in action'
E, [2017-12-12T17:38:21.750698 #81703] ERROR -- Kitchen: /opt/chefdk/embedded/lib/ruby/2.4.0/benchmark.rb:293:in `measure'
E, [2017-12-12T17:38:21.750719 #81703] ERROR -- Kitchen: /opt/chefdk/embedded/lib/ruby/gems/2.4.0/gems/test-kitchen-1.16.0/lib/kitchen/instance.rb:488:in `action'
E, [2017-12-12T17:38:21.750740 #81703] ERROR -- Kitchen: /opt/chefdk/embedded/lib/ruby/gems/2.4.0/gems/test-kitchen-1.16.0/lib/kitchen/instance.rb:380:in `converge_action'
E, [2017-12-12T17:38:21.750763 #81703] ERROR -- Kitchen: /opt/chefdk/embedded/lib/ruby/gems/2.4.0/gems/test-kitchen-1.16.0/lib/kitchen/instance.rb:359:in `block in transition_to'
E, [2017-12-12T17:38:21.750784 #81703] ERROR -- Kitchen: /opt/chefdk/embedded/lib/ruby/gems/2.4.0/gems/test-kitchen-1.16.0/lib/kitchen/instance.rb:358:in `each'
E, [2017-12-12T17:38:21.750804 #81703] ERROR -- Kitchen: /opt/chefdk/embedded/lib/ruby/gems/2.4.0/gems/test-kitchen-1.16.0/lib/kitchen/instance.rb:358:in `transition_to'
E, [2017-12-12T17:38:21.750837 #81703] ERROR -- Kitchen: /opt/chefdk/embedded/lib/ruby/gems/2.4.0/gems/test-kitchen-1.16.0/lib/kitchen/instance.rb:135:in `converge'
E, [2017-12-12T17:38:21.750857 #81703] ERROR -- Kitchen: /opt/chefdk/embedded/lib/ruby/gems/2.4.0/gems/test-kitchen-1.16.0/lib/kitchen/command.rb:197:in `public_send'
E, [2017-12-12T17:38:21.750878 #81703] ERROR -- Kitchen: /opt/chefdk/embedded/lib/ruby/gems/2.4.0/gems/test-kitchen-1.16.0/lib/kitchen/command.rb:197:in `run_action_in_thread'
E, [2017-12-12T17:38:21.750899 #81703] ERROR -- Kitchen: /opt/chefdk/embedded/lib/ruby/gems/2.4.0/gems/test-kitchen-1.16.0/lib/kitchen/command.rb:169:in `block (2 levels) in run_action'
E, [2017-12-12T17:38:21.750920 #81703] ERROR -- Kitchen: ----End Backtrace-----
E, [2017-12-12T17:38:21.750940 #81703] ERROR -- Kitchen: ---Nested Exception---
E, [2017-12-12T17:38:21.750961 #81703] ERROR -- Kitchen: Class: Kitchen::ActionFailed
E, [2017-12-12T17:38:21.750982 #81703] ERROR -- Kitchen: Message: SSH exited (1) for command: [sh -c '
TEST_KITCHEN="1"; export TEST_KITCHEN
sudo -E /opt/chef/bin/chef-client --local-mode --config /tmp/kitchen/client.rb --log_level auto --force-formatter --no-color --json-attributes /tmp/kitchen/dna.json --chef-zero-port 8889 
']
E, [2017-12-12T17:38:21.751004 #81703] ERROR -- Kitchen: ----------------------
E, [2017-12-12T17:38:21.751023 #81703] ERROR -- Kitchen: ------Backtrace-------
E, [2017-12-12T17:38:21.751043 #81703] ERROR -- Kitchen: /opt/chefdk/embedded/lib/ruby/gems/2.4.0/gems/test-kitchen-1.16.0/lib/kitchen/provisioner/base.rb:83:in `rescue in call'
E, [2017-12-12T17:38:21.751065 #81703] ERROR -- Kitchen: /opt/chefdk/embedded/lib/ruby/gems/2.4.0/gems/test-kitchen-1.16.0/lib/kitchen/provisioner/base.rb:86:in `call'
E, [2017-12-12T17:38:21.751105 #81703] ERROR -- Kitchen: /opt/chefdk/embedded/lib/ruby/gems/2.4.0/gems/test-kitchen-1.16.0/lib/kitchen/instance.rb:384:in `block in converge_action'
E, [2017-12-12T17:38:21.751128 #81703] ERROR -- Kitchen: /opt/chefdk/embedded/lib/ruby/gems/2.4.0/gems/test-kitchen-1.16.0/lib/kitchen/instance.rb:527:in `synchronize_or_call'
E, [2017-12-12T17:38:21.751151 #81703] ERROR -- Kitchen: /opt/chefdk/embedded/lib/ruby/gems/2.4.0/gems/test-kitchen-1.16.0/lib/kitchen/instance.rb:489:in `block in action'
E, [2017-12-12T17:38:21.751175 #81703] ERROR -- Kitchen: /opt/chefdk/embedded/lib/ruby/2.4.0/benchmark.rb:293:in `measure'
E, [2017-12-12T17:38:21.751208 #81703] ERROR -- Kitchen: /opt/chefdk/embedded/lib/ruby/gems/2.4.0/gems/test-kitchen-1.16.0/lib/kitchen/instance.rb:488:in `action'
E, [2017-12-12T17:38:21.751233 #81703] ERROR -- Kitchen: /opt/chefdk/embedded/lib/ruby/gems/2.4.0/gems/test-kitchen-1.16.0/lib/kitchen/instance.rb:380:in `converge_action'
E, [2017-12-12T17:38:21.751255 #81703] ERROR -- Kitchen: /opt/chefdk/embedded/lib/ruby/gems/2.4.0/gems/test-kitchen-1.16.0/lib/kitchen/instance.rb:359:in `block in transition_to'
E, [2017-12-12T17:38:21.751278 #81703] ERROR -- Kitchen: /opt/chefdk/embedded/lib/ruby/gems/2.4.0/gems/test-kitchen-1.16.0/lib/kitchen/instance.rb:358:in `each'
E, [2017-12-12T17:38:21.751300 #81703] ERROR -- Kitchen: /opt/chefdk/embedded/lib/ruby/gems/2.4.0/gems/test-kitchen-1.16.0/lib/kitchen/instance.rb:358:in `transition_to'
E, [2017-12-12T17:38:21.751322 #81703] ERROR -- Kitchen: /opt/chefdk/embedded/lib/ruby/gems/2.4.0/gems/test-kitchen-1.16.0/lib/kitchen/instance.rb:135:in `converge'
E, [2017-12-12T17:38:21.751342 #81703] ERROR -- Kitchen: /opt/chefdk/embedded/lib/ruby/gems/2.4.0/gems/test-kitchen-1.16.0/lib/kitchen/command.rb:197:in `public_send'
E, [2017-12-12T17:38:21.751362 #81703] ERROR -- Kitchen: /opt/chefdk/embedded/lib/ruby/gems/2.4.0/gems/test-kitchen-1.16.0/lib/kitchen/command.rb:197:in `run_action_in_thread'
E, [2017-12-12T17:38:21.751384 #81703] ERROR -- Kitchen: /opt/chefdk/embedded/lib/ruby/gems/2.4.0/gems/test-kitchen-1.16.0/lib/kitchen/command.rb:169:in `block (2 levels) in run_action'
E, [2017-12-12T17:38:21.751405 #81703] ERROR -- Kitchen: ----End Backtrace-----
